# JRE version: OpenJDK Runtime Environment Temurin-21.0.8+9 (21.0.8+9) (build 21.0.8+9-LTS)
# Java VM: OpenJDK 64-Bit Server VM Temurin-21.0.8+9 (21.0.8+9-LTS, mixed mode, sharing, tiered, compressed oops, compressed class ptrs, parallel gc, windows-amd64)
GC Precious Log:
 CardTable entry size: 512
 CPUs: 4 total, 4 available
 Memory: 8109M
 Large Page Support: Disabled
 NUMA Support: Disabled
 Compressed Oops: Enabled (32-bit)
 Alignments: Space 512K, Generation 512K, Heap 2M
 Heap Min Capacity: 100M
 Heap Initial Capacity: 100M
 Heap Max Capacity: 2G
 Pre-touch: Disabled
 Parallel Workers: 4
Heap:
 PSYoungGen      total 3072K, used 345K [0x00000000d5580000, 0x00000000d5a80000, 0x0000000100000000)
  eden space 2560K, 8% used [0x00000000d5580000,0x00000000d55b64d0,0x00000000d5800000)
  from space 512K, 25% used [0x00000000d5a00000,0x00000000d5a20000,0x00000000d5a80000)
  to   space 512K, 0% used [0x00000000d5980000,0x00000000d5980000,0x00000000d5a00000)
 ParOldGen       total 378880K, used 378696K [0x0000000080000000, 0x0000000097200000, 0x00000000d5580000)
  object space 378880K, 99% used [0x0000000080000000,0x00000000971d2200,0x0000000097200000)
 Metaspace       used 85150K, committed 86464K, reserved 1179648K
  class space    used 8456K, committed 9088K, reserved 1048576K
GC Heap History (20 events):
Event: 5390.732 GC heap before
{Heap before GC invocations=8074 (full 8):
 PSYoungGen      total 2560K, used 2400K [0x00000000d5580000, 0x00000000d5980000, 0x0000000100000000)
  eden space 2048K, 100% used [0x00000000d5580000,0x00000000d5780000,0x00000000d5780000)
  from space 512K, 68% used [0x00000000d5900000,0x00000000d5958000,0x00000000d5980000)
  to   space 512K, 0% used [0x00000000d5880000,0x00000000d5880000,0x00000000d5900000)
 ParOldGen       total 370688K, used 370186K [0x0000000080000000, 0x0000000096a00000, 0x00000000d5580000)
  object space 370688K, 99% used [0x0000000080000000,0x0000000096982a98,0x0000000096a00000)
 Metaspace       used 85147K, committed 86464K, reserved 1179648K
  class space    used 8456K, committed 9088K, reserved 1048576K
}
Event: 5390.736 GC heap after
{Heap after GC invocations=8074 (full 8):
 PSYoungGen      total 2560K, used 64K [0x00000000d5580000, 0x00000000d5980000, 0x0000000100000000)
  eden space 2048K, 0% used [0x00000000d5580000,0x00000000d5580000,0x00000000d5780000)
  from space 512K, 12% used [0x00000000d5880000,0x00000000d5890000,0x00000000d5900000)
  to   space 512K, 0% used [0x00000000d5900000,0x00000000d5900000,0x00000000d5980000)
 ParOldGen       total 370688K, used 370485K [0x0000000080000000, 0x0000000096a00000, 0x00000000d5580000)
  object space 370688K, 99% used [0x0000000080000000,0x00000000969cd5d0,0x0000000096a00000)
 Metaspace       used 85147K, committed 86464K, reserved 1179648K
  class space    used 8456K, committed 9088K, reserved 1048576K
}
Event: 5391.454 GC heap before
{Heap before GC invocations=8075 (full 8):
 PSYoungGen      total 2560K, used 2112K [0x00000000d5580000, 0x00000000d5980000, 0x0000000100000000)
  eden space 2048K, 100% used [0x00000000d5580000,0x00000000d5780000,0x00000000d5780000)
  from space 512K, 12% used [0x00000000d5880000,0x00000000d5890000,0x00000000d5900000)
  to   space 512K, 0% used [0x00000000d5900000,0x00000000d5900000,0x00000000d5980000)
 ParOldGen       total 370688K, used 370485K [0x0000000080000000, 0x0000000096a00000, 0x00000000d5580000)
  object space 370688K, 99% used [0x0000000080000000,0x00000000969cd5d0,0x0000000096a00000)
 Metaspace       used 85147K, committed 86464K, reserved 1179648K
  class space    used 8456K, committed 9088K, reserved 1048576K
}
Event: 5391.457 GC heap after
{Heap after GC invocations=8075 (full 8):
 PSYoungGen      total 2048K, used 493K [0x00000000d5580000, 0x00000000d5b80000, 0x0000000100000000)
  eden space 1536K, 0% used [0x00000000d5580000,0x00000000d5580000,0x00000000d5700000)
  from space 512K, 96% used [0x00000000d5900000,0x00000000d597b630,0x00000000d5980000)
  to   space 2048K, 0% used [0x00000000d5700000,0x00000000d5700000,0x00000000d5900000)
 ParOldGen       total 371712K, used 371397K [0x0000000080000000, 0x0000000096b00000, 0x00000000d5580000)
  object space 371712K, 99% used [0x0000000080000000,0x0000000096ab15d0,0x0000000096b00000)
 Metaspace       used 85147K, committed 86464K, reserved 1179648K
  class space    used 8456K, committed 9088K, reserved 1048576K
}
Event: 5391.465 GC heap before
{Heap before GC invocations=8076 (full 8):
 PSYoungGen      total 2048K, used 2029K [0x00000000d5580000, 0x00000000d5b80000, 0x0000000100000000)
  eden space 1536K, 99% used [0x00000000d5580000,0x00000000d56fffe8,0x00000000d5700000)
  from space 512K, 96% used [0x00000000d5900000,0x00000000d597b630,0x00000000d5980000)
  to   space 2048K, 0% used [0x00000000d5700000,0x00000000d5700000,0x00000000d5900000)
 ParOldGen       total 371712K, used 371397K [0x0000000080000000, 0x0000000096b00000, 0x00000000d5580000)
  object space 371712K, 99% used [0x0000000080000000,0x0000000096ab15d0,0x0000000096b00000)
 Metaspace       used 85147K, committed 86464K, reserved 1179648K
  class space    used 8456K, committed 9088K, reserved 1048576K
}
Event: 5391.469 GC heap after
{Heap after GC invocations=8076 (full 8):
 PSYoungGen      total 3584K, used 1536K [0x00000000d5580000, 0x00000000d5b00000, 0x0000000100000000)
  eden space 1536K, 0% used [0x00000000d5580000,0x00000000d5580000,0x00000000d5700000)
  from space 2048K, 75% used [0x00000000d5700000,0x00000000d5880000,0x00000000d5900000)
  to   space 2048K, 0% used [0x00000000d5900000,0x00000000d5900000,0x00000000d5b00000)
 ParOldGen       total 372224K, used 371908K [0x0000000080000000, 0x0000000096b80000, 0x00000000d5580000)
  object space 372224K, 99% used [0x0000000080000000,0x0000000096b31100,0x0000000096b80000)
 Metaspace       used 85147K, committed 86464K, reserved 1179648K
  class space    used 8456K, committed 9088K, reserved 1048576K
}
Event: 5391.480 GC heap before
{Heap before GC invocations=8077 (full 8):
 PSYoungGen      total 3584K, used 3072K [0x00000000d5580000, 0x00000000d5b00000, 0x0000000100000000)
  eden space 1536K, 100% used [0x00000000d5580000,0x00000000d5700000,0x00000000d5700000)
  from space 2048K, 75% used [0x00000000d5700000,0x00000000d5880000,0x00000000d5900000)
  to   space 2048K, 0% used [0x00000000d5900000,0x00000000d5900000,0x00000000d5b00000)
 ParOldGen       total 372224K, used 371908K [0x0000000080000000, 0x0000000096b80000, 0x00000000d5580000)
  object space 372224K, 99% used [0x0000000080000000,0x0000000096b31100,0x0000000096b80000)
 Metaspace       used 85147K, committed 86464K, reserved 1179648K
  class space    used 8456K, committed 9088K, reserved 1048576K
}
Event: 5391.486 GC heap after
{Heap after GC invocations=8077 (full 8):
 PSYoungGen      total 3072K, used 1485K [0x00000000d5580000, 0x00000000d5a80000, 0x0000000100000000)
  eden space 1536K, 0% used [0x00000000d5580000,0x00000000d5580000,0x00000000d5700000)
  from space 1536K, 96% used [0x00000000d5900000,0x00000000d5a73630,0x00000000d5a80000)
  to   space 1536K, 0% used [0x00000000d5780000,0x00000000d5780000,0x00000000d5900000)
 ParOldGen       total 373760K, used 373396K [0x0000000080000000, 0x0000000096d00000, 0x00000000d5580000)
  object space 373760K, 99% used [0x0000000080000000,0x0000000096ca5100,0x0000000096d00000)
 Metaspace       used 85147K, committed 86464K, reserved 1179648K
  class space    used 8456K, committed 9088K, reserved 1048576K
}
Event: 5391.494 GC heap before
{Heap before GC invocations=8078 (full 8):
 PSYoungGen      total 3072K, used 3021K [0x00000000d5580000, 0x00000000d5a80000, 0x0000000100000000)
  eden space 1536K, 100% used [0x00000000d5580000,0x00000000d5700000,0x00000000d5700000)
  from space 1536K, 96% used [0x00000000d5900000,0x00000000d5a73630,0x00000000d5a80000)
  to   space 1536K, 0% used [0x00000000d5780000,0x00000000d5780000,0x00000000d5900000)
 ParOldGen       total 373760K, used 373396K [0x0000000080000000, 0x0000000096d00000, 0x00000000d5580000)
  object space 373760K, 99% used [0x0000000080000000,0x0000000096ca5100,0x0000000096d00000)
 Metaspace       used 85147K, committed 86464K, reserved 1179648K
  class space    used 8456K, committed 9088K, reserved 1048576K
}
Event: 5391.498 GC heap after
{Heap after GC invocations=8078 (full 8):
 PSYoungGen      total 3584K, used 1536K [0x00000000d5580000, 0x00000000d5e80000, 0x0000000100000000)
  eden space 2048K, 0% used [0x00000000d5580000,0x00000000d5580000,0x00000000d5780000)
  from space 1536K, 100% used [0x00000000d5780000,0x00000000d5900000,0x00000000d5900000)
  to   space 3584K, 0% used [0x00000000d5b00000,0x00000000d5b00000,0x00000000d5e80000)
 ParOldGen       total 375296K, used 374825K [0x0000000080000000, 0x0000000096e80000, 0x00000000d5580000)
  object space 375296K, 99% used [0x0000000080000000,0x0000000096e0a730,0x0000000096e80000)
 Metaspace       used 85147K, committed 86464K, reserved 1179648K
  class space    used 8456K, committed 9088K, reserved 1048576K
}
Event: 5391.523 GC heap before
{Heap before GC invocations=8079 (full 8):
 PSYoungGen      total 3584K, used 3584K [0x00000000d5580000, 0x00000000d5e80000, 0x0000000100000000)
  eden space 2048K, 100% used [0x00000000d5580000,0x00000000d5780000,0x00000000d5780000)
  from space 1536K, 100% used [0x00000000d5780000,0x00000000d5900000,0x00000000d5900000)
  to   space 3584K, 0% used [0x00000000d5b00000,0x00000000d5b00000,0x00000000d5e80000)
 ParOldGen       total 375296K, used 374825K [0x0000000080000000, 0x0000000096e80000, 0x00000000d5580000)
  object space 375296K, 99% used [0x0000000080000000,0x0000000096e0a730,0x0000000096e80000)
 Metaspace       used 85147K, committed 86464K, reserved 1179648K
  class space    used 8456K, committed 9088K, reserved 1048576K
}
Event: 5391.528 GC heap after
{Heap after GC invocations=8079 (full 8):
 PSYoungGen      total 4608K, used 1856K [0x00000000d5580000, 0x00000000d5d00000, 0x0000000100000000)
  eden space 2560K, 0% used [0x00000000d5580000,0x00000000d5580000,0x00000000d5800000)
  from space 2048K, 90% used [0x00000000d5b00000,0x00000000d5cd0000,0x00000000d5d00000)
  to   space 2560K, 0% used [0x00000000d5800000,0x00000000d5800000,0x00000000d5a80000)
 ParOldGen       total 376832K, used 376353K [0x0000000080000000, 0x0000000097000000, 0x00000000d5580000)
  object space 376832K, 99% used [0x0000000080000000,0x0000000096f88730,0x0000000097000000)
 Metaspace       used 85147K, committed 86464K, reserved 1179648K
  class space    used 8456K, committed 9088K, reserved 1048576K
}
Event: 5391.892 GC heap before
{Heap before GC invocations=8080 (full 8):
 PSYoungGen      total 4608K, used 4416K [0x00000000d5580000, 0x00000000d5d00000, 0x0000000100000000)
  eden space 2560K, 100% used [0x00000000d5580000,0x00000000d5800000,0x00000000d5800000)
  from space 2048K, 90% used [0x00000000d5b00000,0x00000000d5cd0000,0x00000000d5d00000)
  to   space 2560K, 0% used [0x00000000d5800000,0x00000000d5800000,0x00000000d5a80000)
 ParOldGen       total 376832K, used 376353K [0x0000000080000000, 0x0000000097000000, 0x00000000d5580000)
  object space 376832K, 99% used [0x0000000080000000,0x0000000096f88730,0x0000000097000000)
 Metaspace       used 85147K, committed 86464K, reserved 1179648K
  class space    used 8456K, committed 9088K, reserved 1048576K
}
Event: 5391.896 GC heap after
{Heap after GC invocations=8080 (full 8):
 PSYoungGen      total 3072K, used 480K [0x00000000d5580000, 0x00000000d5b80000, 0x0000000100000000)
  eden space 2560K, 0% used [0x00000000d5580000,0x00000000d5580000,0x00000000d5800000)
  from space 512K, 93% used [0x00000000d5800000,0x00000000d5878000,0x00000000d5880000)
  to   space 1536K, 0% used [0x00000000d5a00000,0x00000000d5a00000,0x00000000d5b80000)
 ParOldGen       total 378368K, used 378089K [0x0000000080000000, 0x0000000097180000, 0x00000000d5580000)
  object space 378368K, 99% used [0x0000000080000000,0x000000009713a730,0x0000000097180000)
 Metaspace       used 85147K, committed 86464K, reserved 1179648K
  class space    used 8456K, committed 9088K, reserved 1048576K
}
Event: 5391.908 GC heap before
{Heap before GC invocations=8081 (full 8):
 PSYoungGen      total 3072K, used 3040K [0x00000000d5580000, 0x00000000d5b80000, 0x0000000100000000)
  eden space 2560K, 100% used [0x00000000d5580000,0x00000000d5800000,0x00000000d5800000)
  from space 512K, 93% used [0x00000000d5800000,0x00000000d5878000,0x00000000d5880000)
  to   space 1536K, 0% used [0x00000000d5a00000,0x00000000d5a00000,0x00000000d5b80000)
 ParOldGen       total 378368K, used 378089K [0x0000000080000000, 0x0000000097180000, 0x00000000d5580000)
  object space 378368K, 99% used [0x0000000080000000,0x000000009713a730,0x0000000097180000)
 Metaspace       used 85147K, committed 86464K, reserved 1179648K
  class space    used 8456K, committed 9088K, reserved 1048576K
}
Event: 5391.911 GC heap after
{Heap after GC invocations=8081 (full 8):
 PSYoungGen      total 3584K, used 768K [0x00000000d5580000, 0x00000000d5b00000, 0x0000000100000000)
  eden space 2560K, 0% used [0x00000000d5580000,0x00000000d5580000,0x00000000d5800000)
  from space 1024K, 75% used [0x00000000d5a00000,0x00000000d5ac0000,0x00000000d5b00000)
  to   space 1024K, 0% used [0x00000000d5900000,0x00000000d5900000,0x00000000d5a00000)
 ParOldGen       total 378368K, used 378129K [0x0000000080000000, 0x0000000097180000, 0x00000000d5580000)
  object space 378368K, 99% used [0x0000000080000000,0x0000000097144730,0x0000000097180000)
 Metaspace       used 85147K, committed 86464K, reserved 1179648K
  class space    used 8456K, committed 9088K, reserved 1048576K
}
Event: 5391.922 GC heap before
{Heap before GC invocations=8082 (full 8):
 PSYoungGen      total 3584K, used 3327K [0x00000000d5580000, 0x00000000d5b00000, 0x0000000100000000)
  eden space 2560K, 99% used [0x00000000d5580000,0x00000000d57fffc8,0x00000000d5800000)
  from space 1024K, 75% used [0x00000000d5a00000,0x00000000d5ac0000,0x00000000d5b00000)
  to   space 1024K, 0% used [0x00000000d5900000,0x00000000d5900000,0x00000000d5a00000)
 ParOldGen       total 378368K, used 378129K [0x0000000080000000, 0x0000000097180000, 0x00000000d5580000)
  object space 378368K, 99% used [0x0000000080000000,0x0000000097144730,0x0000000097180000)
 Metaspace       used 85147K, committed 86464K, reserved 1179648K
  class space    used 8456K, committed 9088K, reserved 1048576K
}
Event: 5391.924 GC heap after
{Heap after GC invocations=8082 (full 8):
 PSYoungGen      total 3584K, used 544K [0x00000000d5580000, 0x00000000d5a80000, 0x0000000100000000)
  eden space 2560K, 0% used [0x00000000d5580000,0x00000000d5580000,0x00000000d5800000)
  from space 1024K, 53% used [0x00000000d5900000,0x00000000d5988000,0x00000000d5a00000)
  to   space 512K, 0% used [0x00000000d5a00000,0x00000000d5a00000,0x00000000d5a80000)
 ParOldGen       total 378880K, used 378564K [0x0000000080000000, 0x0000000097200000, 0x00000000d5580000)
  object space 378880K, 99% used [0x0000000080000000,0x00000000971b11f0,0x0000000097200000)
 Metaspace       used 85147K, committed 86464K, reserved 1179648K
  class space    used 8456K, committed 9088K, reserved 1048576K
}
Event: 46563.118 GC heap before
{Heap before GC invocations=8083 (full 8):
 PSYoungGen      total 3584K, used 3104K [0x00000000d5580000, 0x00000000d5a80000, 0x0000000100000000)
  eden space 2560K, 100% used [0x00000000d5580000,0x00000000d5800000,0x00000000d5800000)
  from space 1024K, 53% used [0x00000000d5900000,0x00000000d5988000,0x00000000d5a00000)
  to   space 512K, 0% used [0x00000000d5a00000,0x00000000d5a00000,0x00000000d5a80000)
 ParOldGen       total 378880K, used 378564K [0x0000000080000000, 0x0000000097200000, 0x00000000d5580000)
  object space 378880K, 99% used [0x0000000080000000,0x00000000971b11f0,0x0000000097200000)
 Metaspace       used 85149K, committed 86464K, reserved 1179648K
  class space    used 8456K, committed 9088K, reserved 1048576K
}
Event: 46563.298 GC heap after
{Heap after GC invocations=8083 (full 8):
 PSYoungGen      total 3072K, used 128K [0x00000000d5580000, 0x00000000d5a80000, 0x0000000100000000)
  eden space 2560K, 0% used [0x00000000d5580000,0x00000000d5580000,0x00000000d5800000)
  from space 512K, 25% used [0x00000000d5a00000,0x00000000d5a20000,0x00000000d5a80000)
  to   space 512K, 0% used [0x00000000d5980000,0x00000000d5980000,0x00000000d5a00000)
 ParOldGen       total 378880K, used 378696K [0x0000000080000000, 0x0000000097200000, 0x00000000d5580000)
  object space 378880K, 99% used [0x0000000080000000,0x00000000971d2200,0x0000000097200000)
 Metaspace       used 85149K, committed 86464K, reserved 1179648K
  class space    used 8456K, committed 9088K, reserved 1048576K
}

